0 info it worked if it ends with ok
1 verbose cli [ '/usr/local/bin/node',
1 verbose cli   '/usr/local/bin/npm',
1 verbose cli   'run',
1 verbose cli   'dev-server' ]
2 info using npm@3.10.8
3 info using node@v7.0.0
4 verbose run-script [ 'predev-server', 'dev-server', 'postdev-server' ]
5 info lifecycle moc_donation_platform@1.0.0~predev-server: moc_donation_platform@1.0.0
6 silly lifecycle moc_donation_platform@1.0.0~predev-server: no script for predev-server, continuing
7 info lifecycle moc_donation_platform@1.0.0~dev-server: moc_donation_platform@1.0.0
8 verbose lifecycle moc_donation_platform@1.0.0~dev-server: unsafe-perm in lifecycle true
9 verbose lifecycle moc_donation_platform@1.0.0~dev-server: PATH: /usr/local/lib/node_modules/npm/bin/node-gyp-bin:/Users/labmin/random/moc_donation_platform/node_modules/.bin:/usr/local/bin:/usr/bin:/bin:/usr/sbin:/sbin:/Users/labmin/Library/Android/sdk/tools:/Users/labmin/Library/Android/sdk/platform-tools:/Users/labmin/.manymo/bin
10 verbose lifecycle moc_donation_platform@1.0.0~dev-server: CWD: /Users/labmin/random/moc_donation_platform
11 silly lifecycle moc_donation_platform@1.0.0~dev-server: Args: [ '-c',
11 silly lifecycle   'webpack-dev-server --config client/webpack.config.js --inline --hot --host 0.0.0.0' ]
12 silly lifecycle moc_donation_platform@1.0.0~dev-server: Returned: code: 1  signal: null
13 info lifecycle moc_donation_platform@1.0.0~dev-server: Failed to exec dev-server script
14 verbose stack Error: moc_donation_platform@1.0.0 dev-server: `webpack-dev-server --config client/webpack.config.js --inline --hot --host 0.0.0.0`
14 verbose stack Exit status 1
14 verbose stack     at EventEmitter.<anonymous> (/usr/local/lib/node_modules/npm/lib/utils/lifecycle.js:255:16)
14 verbose stack     at emitTwo (events.js:106:13)
14 verbose stack     at EventEmitter.emit (events.js:191:7)
14 verbose stack     at ChildProcess.<anonymous> (/usr/local/lib/node_modules/npm/lib/utils/spawn.js:40:14)
14 verbose stack     at emitTwo (events.js:106:13)
14 verbose stack     at ChildProcess.emit (events.js:191:7)
14 verbose stack     at maybeClose (internal/child_process.js:877:16)
14 verbose stack     at Process.ChildProcess._handle.onexit (internal/child_process.js:226:5)
15 verbose pkgid moc_donation_platform@1.0.0
16 verbose cwd /Users/labmin/random/moc_donation_platform
17 error Darwin 15.6.0
18 error argv "/usr/local/bin/node" "/usr/local/bin/npm" "run" "dev-server"
19 error node v7.0.0
20 error npm  v3.10.8
21 error code ELIFECYCLE
22 error moc_donation_platform@1.0.0 dev-server: `webpack-dev-server --config client/webpack.config.js --inline --hot --host 0.0.0.0`
22 error Exit status 1
23 error Failed at the moc_donation_platform@1.0.0 dev-server script 'webpack-dev-server --config client/webpack.config.js --inline --hot --host 0.0.0.0'.
23 error Make sure you have the latest version of node.js and npm installed.
23 error If you do, this is most likely a problem with the moc_donation_platform package,
23 error not with npm itself.
23 error Tell the author that this fails on your system:
23 error     webpack-dev-server --config client/webpack.config.js --inline --hot --host 0.0.0.0
23 error You can get information on how to open an issue for this project with:
23 error     npm bugs moc_donation_platform
23 error Or if that isn't available, you can get their info via:
23 error     npm owner ls moc_donation_platform
23 error There is likely additional logging output above.
24 verbose exit [ 1, true ]
